2026-05-22 12:17:49,772 - pyswarms.single.global_best - INFO - Optimize for 250 iters with {'c1': 2.05, 'c2': 2.05, 'w': 0.7298}
2026-05-22 13:06:42,628 - pyswarms.single.global_best - INFO - Optimization finished | best cost: 53311.291200864245, best pos: [ 2.10869557e-03 -6.74256910e-01 -4.02072596e-01  1.54677493e+00
  8.15856619e+00  8.35073707e-02  9.27115540e-01]
2026-05-22 15:32:01,860 - pyswarms.single.global_best - INFO - Optimize for 250 iters with {'c1': 2.05, 'c2': 2.05, 'w': 0.7298}
2026-05-22 15:55:38,985 - pyswarms.single.global_best - INFO - Optimize for 250 iters with {'c1': 2.05, 'c2': 2.05, 'w': 0.7298}
2026-05-22 16:33:36,395 - pyswarms.single.global_best - INFO - Optimization finished | best cost: 991.0784492020487, best pos: [-3.28838964e-04 -6.50409404e-01 -1.68964538e-01  1.54772076e+00
  1.07387464e+03  9.27429121e-01  8.28478068e-01]
2026-05-22 17:03:23,944 - pyswarms.single.global_best - INFO - Optimize for 250 iters with {'c1': 2.05, 'c2': 2.05, 'w': 0.7298}
2026-05-22 17:06:40,092 - pyswarms.single.global_best - INFO - Optimization finished | best cost: 1474.2297991805497, best pos: [-6.51565690e-04 -6.02222504e-01 -7.49166218e-01  1.56969108e+00
  3.42319001e+02  1.04625603e-01  7.75325000e-01]
2026-05-22 17:30:49,228 - pyswarms.single.global_best - INFO - Optimize for 250 iters with {'c1': 2.05, 'c2': 2.05, 'w': 0.7298}
2026-05-22 17:40:10,517 - pyswarms.single.global_best - INFO - Optimization finished | best cost: 1222.7705898430704, best pos: [ 8.59061244e-04 -7.81483807e-01 -8.35189440e-01  1.54324174e+00
  8.20065633e+01  7.32980889e-01  7.81054226e-01]
2026-05-22 19:19:31,944 - pyswarms.single.global_best - INFO - Optimize for 1000 iters with {'c1': 2.05, 'c2': 2.05, 'w': 0.7298}
2026-05-22 19:30:49,665 - pyswarms.single.global_best - INFO - Optimize for 1000 iters with {'c1': 2.05, 'c2': 2.05, 'w': 0.7298}
2026-05-22 21:41:45,302 - pyswarms.single.global_best - INFO - Optimization finished | best cost: 246.48485786277345, best pos: [-8.17524355e-04 -4.93076873e-01 -9.98967951e-01  1.54481683e+00
  9.15294601e+02  9.68407415e-01  8.63817393e-01]
2026-05-22 22:35:56,192 - pyswarms.single.global_best - INFO - Optimize for 250 iters with {'c1': 2.05, 'c2': 1.5, 'w': 0.8}
2026-05-22 22:45:37,943 - pyswarms.single.global_best - INFO - Optimization finished | best cost: 1000.0, best pos: [-9.56851208e-01 -9.13992801e-01 -6.07238623e-01  1.51712703e+00
  1.21879511e+03  7.48509637e-01  8.89653224e-01]
2026-05-22 22:46:59,308 - pyswarms.single.global_best - INFO - Optimize for 250 iters with {'c1': 2.05, 'c2': 1.5, 'w': 0.8}
2026-05-22 22:56:21,942 - pyswarms.single.global_best - INFO - Optimization finished | best cost: 1465.8566201250678, best pos: [0.46021293 0.72878964 0.88661048 1.52787943 4.82822244 0.55467847
 0.92750688]
2026-05-22 23:02:15,604 - pyswarms.single.global_best - INFO - Optimize for 250 iters with {'c1': 2.05, 'c2': 2.05, 'w': 0.7298}
2026-05-22 23:11:01,740 - pyswarms.single.global_best - INFO - Optimization finished | best cost: 2037.2061597902743, best pos: [-8.70497239e-04 -6.99993774e-01  7.32715805e-02  1.55802941e+00
  1.26481491e+03  8.61953486e-01  8.61931138e-01]
2026-05-23 01:56:32,370 - pyswarms.single.global_best - INFO - Optimize for 250 iters with {'c1': 2.05, 'c2': 2.05, 'w': 0.7298}
2026-05-23 02:05:11,730 - pyswarms.single.global_best - INFO - Optimization finished | best cost: 334609.12180359184, best pos: [ 3.58314294e-01 -3.53612301e-01 -4.14392934e-02  1.56569166e+00
  1.11872583e+02  3.99022527e-01  8.35053294e-01]
2026-05-23 02:06:32,167 - pyswarms.single.global_best - INFO - Optimize for 250 iters with {'c1': 2.05, 'c2': 2.05, 'w': 0.7298}
2026-05-23 02:09:45,331 - pyswarms.single.global_best - INFO - Optimize for 250 iters with {'c1': 2.05, 'c2': 2.05, 'w': 0.7298}
2026-05-23 02:31:43,317 - pyswarms.single.global_best - INFO - Optimization finished | best cost: 65533.22585730703, best pos: [-3.13166482e-03 -5.47956835e-01  2.54106531e-01  1.55569318e+00
  3.00103178e+01  7.87734625e-01  8.35093847e-01]
2026-05-23 02:33:35,429 - pyswarms.single.global_best - INFO - Optimize for 2000 iters with {'c1': 2.05, 'c2': 2.05, 'w': 0.7298}
2026-05-23 06:02:11,654 - pyswarms.single.global_best - INFO - Optimization finished | best cost: 161.33887723446563, best pos: [-4.39377478e-04 -1.66532048e-01  7.75291148e-01  1.55174889e+00
  5.17925492e+02  9.71443510e-01  8.31607833e-01]
2026-05-23 16:56:58,741 - pyswarms.single.global_best - INFO - Optimize for 250 iters with {'c1': 2.05, 'c2': 2.05, 'w': 0.7298}
2026-05-23 17:06:12,599 - pyswarms.single.global_best - INFO - Optimization finished | best cost: 2364.0723722799657, best pos: [ 0.03089493  0.32348312 -0.47388977  1.5204963  12.46603718  0.54903233
  0.78977616]
2026-05-23 17:07:49,570 - pyswarms.single.global_best - INFO - Optimize for 1000 iters with {'c1': 2.05, 'c2': 2.05, 'w': 0.7298}
2026-05-23 18:39:52,981 - pyswarms.single.global_best - INFO - Optimization finished | best cost: 979.1011275192188, best pos: [ 1.59822516e-01 -5.09499828e-01 -2.74106130e-01  1.53659454e+00
  7.24337976e+02  8.71092666e-01  9.02028521e-01]
2026-05-25 12:00:01,680 - pyswarms.single.global_best - INFO - Optimize for 250 iters with {'c1': 2.05, 'c2': 2.05, 'w': 0.7298}
2026-05-25 12:09:10,481 - pyswarms.single.global_best - INFO - Optimization finished | best cost: 1708.660407484438, best pos: [ 0.88751474 -0.65947392  0.43456823  1.51294494  4.10496928  0.52864675
  0.91947103]
2026-05-25 12:30:29,283 - pyswarms.single.local_best - INFO - Optimize for 250 iters with {'c1': 2.05, 'c2': 2.05, 'w': 0.7298, 'k': 3, 'p': 2}
2026-05-25 12:52:15,118 - pyswarms.single.local_best - INFO - Optimization finished | best cost: 2137.343908692409, best pos: [ 0.11765288  0.53439724 -0.44787837  1.52174397 49.44755612  0.51090999
  0.8628712 ]
2026-05-25 12:54:09,904 - pyswarms.single.local_best - INFO - Optimize for 250 iters with {'c1': 2.05, 'c2': 2.05, 'w': 0.7298, 'k': 3, 'p': 2}
2026-05-25 12:58:18,978 - pyswarms.single.local_best - INFO - Optimization finished | best cost: 1952.288619599094, best pos: [ 0.50059322 -0.22984767 -0.32248027  1.52534961 20.70154629  0.83341032
  0.75960659]
2026-05-25 12:58:18,981 - pyswarms.single.local_best - INFO - Optimize for 138 iters with {'c1': 2.05, 'c2': 2.05, 'w': 0.7298, 'k': 3, 'p': 2}
2026-05-25 13:00:10,252 - pyswarms.single.local_best - INFO - Optimization finished | best cost: 1952.288619599094, best pos: [ 0.50059322 -0.22984767 -0.32248027  1.52534961 20.70154629  0.83341032
  0.75960659]
2026-05-25 13:00:10,255 - pyswarms.single.local_best - INFO - Optimize for 87 iters with {'c1': 2.05, 'c2': 2.05, 'w': 0.7298, 'k': 3, 'p': 2}
2026-05-25 13:01:58,710 - pyswarms.single.local_best - INFO - Optimization finished | best cost: 1952.288619599094, best pos: [ 0.50059322 -0.22984767 -0.32248027  1.52534961 20.70154629  0.83341032
  0.75960659]
2026-05-25 13:01:58,712 - pyswarms.single.local_best - INFO - Optimize for 36 iters with {'c1': 2.05, 'c2': 2.05, 'w': 0.7298, 'k': 3, 'p': 2}
2026-05-25 13:03:19,664 - pyswarms.single.local_best - INFO - Optimization finished | best cost: 1879.8001508491025, best pos: [ 1.46483331e-01  9.90428250e-01 -4.88914501e-01  1.52195603e+00
  2.50304344e+02  9.71419558e-01  7.43078078e-01]
2026-05-25 13:22:02,830 - pyswarms.single.local_best - INFO - Optimize for 250 iters with {'c1': 2.05, 'c2': 2.05, 'w': 0.7298, 'k': 3, 'p': 2}
2026-05-25 13:24:45,090 - pyswarms.single.local_best - INFO - Optimization finished | best cost: 2126.359792296666, best pos: [ 2.72735818e-01 -7.18618717e-01 -7.58932564e-02  1.51494540e+00
  2.18703958e+02  8.70354100e-01  8.24570833e-01]
2026-05-25 13:24:45,092 - pyswarms.single.local_best - INFO - Optimize for 177 iters with {'c1': 2.05, 'c2': 2.05, 'w': 0.7298, 'k': 3, 'p': 2}
2026-05-25 13:26:41,121 - pyswarms.single.local_best - INFO - Optimization finished | best cost: 2126.359792296666, best pos: [ 2.72735818e-01 -7.18618717e-01 -7.58932564e-02  1.51494540e+00
  2.18703958e+02  8.70354100e-01  8.24570833e-01]
2026-05-25 13:26:41,124 - pyswarms.single.local_best - INFO - Optimize for 126 iters with {'c1': 2.05, 'c2': 2.05, 'w': 0.7298, 'k': 3, 'p': 2}
2026-05-25 13:28:30,743 - pyswarms.single.local_best - INFO - Optimization finished | best cost: 2126.359792296666, best pos: [ 2.72735818e-01 -7.18618717e-01 -7.58932564e-02  1.51494540e+00
  2.18703958e+02  8.70354100e-01  8.24570833e-01]
2026-05-25 13:28:30,746 - pyswarms.single.local_best - INFO - Optimize for 75 iters with {'c1': 2.05, 'c2': 2.05, 'w': 0.7298, 'k': 3, 'p': 2}
2026-05-25 13:30:19,755 - pyswarms.single.local_best - INFO - Optimization finished | best cost: 2126.359792296666, best pos: [ 2.72735818e-01 -7.18618717e-01 -7.58932564e-02  1.51494540e+00
  2.18703958e+02  8.70354100e-01  8.24570833e-01]
2026-05-25 13:30:19,757 - pyswarms.single.local_best - INFO - Optimize for 24 iters with {'c1': 2.05, 'c2': 2.05, 'w': 0.7298, 'k': 3, 'p': 2}
2026-05-25 13:31:13,687 - pyswarms.single.local_best - INFO - Optimization finished | best cost: 2126.359792296666, best pos: [ 2.72735818e-01 -7.18618717e-01 -7.58932564e-02  1.51494540e+00
  2.18703958e+02  8.70354100e-01  8.24570833e-01]
2026-05-25 14:23:42,799 - pyswarms.single.local_best - INFO - Optimize for 250 iters with {'c1': 2.05, 'c2': 2.05, 'w': 0.7298, 'k': 3, 'p': 2}
2026-05-25 14:31:38,966 - pyswarms.single.local_best - INFO - Optimization finished | best cost: 1694.845668343682, best pos: [ 3.84154952e-02 -1.63288002e-01 -9.47743000e-01  1.56206434e+00
  9.56036131e+02  7.70727153e-01  7.63794265e-01]
2026-05-25 14:31:38,968 - pyswarms.single.local_best - INFO - Optimize for 195 iters with {'c1': 2.05, 'c2': 2.05, 'w': 0.7298, 'k': 3, 'p': 2}
2026-05-25 14:44:40,699 - pyswarms.single.local_best - INFO - Optimization finished | best cost: 836.9061481188428, best pos: [ 9.32182376e-03 -9.61464737e-01 -2.05840438e-01  1.54948147e+00
  8.24126035e+01  3.95153339e-01  7.74465213e-01]
2026-05-25 14:44:40,702 - pyswarms.single.local_best - INFO - Optimize for 112 iters with {'c1': 2.05, 'c2': 2.05, 'w': 0.7298, 'k': 3, 'p': 2}
2026-05-25 14:52:08,200 - pyswarms.single.local_best - INFO - Optimization finished | best cost: 836.9061481188428, best pos: [ 9.32182376e-03 -9.61464737e-01 -2.05840438e-01  1.54948147e+00
  8.24126035e+01  3.95153339e-01  7.74465213e-01]
2026-05-25 14:52:08,202 - pyswarms.single.local_best - INFO - Optimize for 61 iters with {'c1': 2.05, 'c2': 2.05, 'w': 0.7298, 'k': 3, 'p': 2}
2026-05-25 15:00:05,274 - pyswarms.single.local_best - INFO - Optimization finished | best cost: 836.9061481188428, best pos: [ 9.32182376e-03 -9.61464737e-01 -2.05840438e-01  1.54948147e+00
  8.24126035e+01  3.95153339e-01  7.74465213e-01]
2026-05-25 15:00:05,277 - pyswarms.single.local_best - INFO - Optimize for 10 iters with {'c1': 2.05, 'c2': 2.05, 'w': 0.7298, 'k': 3, 'p': 2}
2026-05-25 15:01:35,748 - pyswarms.single.local_best - INFO - Optimization finished | best cost: 836.9061481188428, best pos: [ 9.32182376e-03 -9.61464737e-01 -2.05840438e-01  1.54948147e+00
  8.24126035e+01  3.95153339e-01  7.74465213e-01]
2026-05-25 15:15:39,109 - pyswarms.single.global_best - INFO - Optimize for 1000 iters with {'c1': 2.05, 'c2': 2.05, 'w': 0.7298}
2026-05-25 15:37:50,191 - pyswarms.single.global_best - INFO - Optimization finished | best cost: 1114.9095449799731, best pos: [ 7.75897295e-01 -8.35579331e-02 -4.00650067e-01  1.55044685e+00
  5.07415312e+02  7.76924172e-01  7.23657586e-01]
2026-05-25 15:37:50,193 - pyswarms.single.global_best - INFO - Optimize for 939 iters with {'c1': 2.05, 'c2': 2.05, 'w': 0.7298}
2026-05-25 15:57:31,720 - pyswarms.single.global_best - INFO - Optimization finished | best cost: 1099.4931421632043, best pos: [  0.67421563  -0.92830368  -0.5255318    1.55232527 396.72694944
   0.50451784   0.75578897]
2026-05-25 15:57:31,722 - pyswarms.single.global_best - INFO - Optimize for 884 iters with {'c1': 2.05, 'c2': 2.05, 'w': 0.7298}
2026-05-25 16:25:16,122 - pyswarms.single.global_best - INFO - Optimization finished | best cost: 1011.0573926744137, best pos: [ 6.79318350e-01 -2.87190174e-01 -6.27617946e-02  1.53956465e+00
  3.83296494e+02  8.66901501e-01  7.22365847e-01]
2026-05-25 16:25:16,124 - pyswarms.single.global_best - INFO - Optimize for 807 iters with {'c1': 2.05, 'c2': 2.05, 'w': 0.7298}
2026-05-25 16:43:32,255 - pyswarms.single.global_best - INFO - Optimization finished | best cost: 1011.0573926744137, best pos: [ 6.79318350e-01 -2.87190174e-01 -6.27617946e-02  1.53956465e+00
  3.83296494e+02  8.66901501e-01  7.22365847e-01]
2026-05-25 16:43:32,257 - pyswarms.single.global_best - INFO - Optimize for 756 iters with {'c1': 2.05, 'c2': 2.05, 'w': 0.7298}
2026-05-25 20:14:15,844 - pyswarms.single.global_best - INFO - Optimize for 250 iters with {'c1': 2.05, 'c2': 2.05, 'w': 0.7298}
2026-05-25 20:15:10,907 - pyswarms.single.global_best - INFO - Optimize for 250 iters with {'c1': 2.05, 'c2': 2.05, 'w': 0.7298}
2026-05-25 20:15:46,678 - pyswarms.single.global_best - INFO - Optimize for 250 iters with {'c1': 2.05, 'c2': 2.05, 'w': 0.7298}
2026-05-25 20:23:05,503 - pyswarms.single.global_best - INFO - Optimization finished | best cost: 1141.3788207735345, best pos: [ 0.73237919 -0.68054663 -0.74659466  1.54916019 19.96924961  0.43098748
  0.71964686]
2026-05-25 20:23:05,505 - pyswarms.single.global_best - INFO - Optimize for 199 iters with {'c1': 2.05, 'c2': 2.05, 'w': 0.7298}
2026-05-25 20:37:16,378 - pyswarms.single.global_best - INFO - Optimization finished | best cost: 865.7882396411328, best pos: [-1.42798852e-03 -7.65441471e-01 -2.55961069e-01  1.55423385e+00
  2.03048778e+01  4.72844447e-01  9.46196826e-01]
2026-05-25 20:37:16,380 - pyswarms.single.global_best - INFO - Optimize for 98 iters with {'c1': 2.05, 'c2': 2.05, 'w': 0.7298}
2026-05-25 20:44:25,796 - pyswarms.single.global_best - INFO - Optimization finished | best cost: 865.7882396411328, best pos: [-1.42798852e-03 -7.65441471e-01 -2.55961069e-01  1.55423385e+00
  2.03048778e+01  4.72844447e-01  9.46196826e-01]
2026-05-25 20:44:25,798 - pyswarms.single.global_best - INFO - Optimize for 47 iters with {'c1': 2.05, 'c2': 2.05, 'w': 0.7298}
2026-05-25 20:51:10,085 - pyswarms.single.global_best - INFO - Optimization finished | best cost: 865.7882396411328, best pos: [-1.42798852e-03 -7.65441471e-01 -2.55961069e-01  1.55423385e+00
  2.03048778e+01  4.72844447e-01  9.46196826e-01]
2026-05-25 21:29:17,575 - pyswarms.single.global_best - INFO - Optimize for 250 iters with {'c1': 2.05, 'c2': 2.05, 'w': 0.7298}
2026-05-25 21:41:52,753 - pyswarms.single.global_best - INFO - Optimization finished | best cost: 1213.3245842505187, best pos: [ 1.84506702e-01 -3.89077758e-01 -3.88983989e-02  1.54243064e+00
  4.11353854e+02  9.60990592e-01  7.21604749e-01]
2026-05-25 21:41:52,756 - pyswarms.single.global_best - INFO - Optimize for 167 iters with {'c1': 2.05, 'c2': 2.05, 'w': 0.7298}
2026-05-25 21:57:02,645 - pyswarms.single.global_best - INFO - Optimization finished | best cost: 832.1077455799099, best pos: [ 5.21546007e-01 -6.52164340e-01 -3.90250442e-01  1.55608508e+00
  5.55735745e+02  5.93195780e-01  7.70038157e-01]
2026-05-25 21:57:02,647 - pyswarms.single.global_best - INFO - Optimize for 79 iters with {'c1': 2.05, 'c2': 2.05, 'w': 0.7298}
2026-05-25 22:05:50,914 - pyswarms.single.global_best - INFO - Optimization finished | best cost: 832.1077455799099, best pos: [ 5.21546007e-01 -6.52164340e-01 -3.90250442e-01  1.55608508e+00
  5.55735745e+02  5.93195780e-01  7.70038157e-01]
2026-05-25 22:05:50,917 - pyswarms.single.global_best - INFO - Optimize for 28 iters with {'c1': 2.05, 'c2': 2.05, 'w': 0.7298}
2026-05-25 22:10:17,630 - pyswarms.single.global_best - INFO - Optimization finished | best cost: 832.1077455799099, best pos: [ 5.21546007e-01 -6.52164340e-01 -3.90250442e-01  1.55608508e+00
  5.55735745e+02  5.93195780e-01  7.70038157e-01]
2026-05-25 22:19:39,555 - pyswarms.single.global_best - INFO - Optimize for 250 iters with {'c1': 2.05, 'c2': 2.05, 'w': 0.7298}
2026-05-25 22:31:30,071 - pyswarms.single.global_best - INFO - Optimization finished | best cost: 570846.1561550479, best pos: [-1.06306864e-04 -1.82727273e-02 -7.18337068e-01  1.56235135e+00
  3.43546495e+02  4.67228800e-01  7.08558513e-01]
2026-05-25 22:31:30,074 - pyswarms.single.global_best - INFO - Optimize for 171 iters with {'c1': 2.05, 'c2': 2.05, 'w': 0.7298}
2026-05-25 22:38:43,608 - pyswarms.single.global_best - INFO - Optimization finished | best cost: 570846.1561550479, best pos: [-1.06306864e-04 -1.82727273e-02 -7.18337068e-01  1.56235135e+00
  3.43546495e+02  4.67228800e-01  7.08558513e-01]
2026-05-25 22:38:43,611 - pyswarms.single.global_best - INFO - Optimize for 120 iters with {'c1': 2.05, 'c2': 2.05, 'w': 0.7298}
2026-05-25 22:45:50,391 - pyswarms.single.global_best - INFO - Optimization finished | best cost: 570846.1561550479, best pos: [-1.06306864e-04 -1.82727273e-02 -7.18337068e-01  1.56235135e+00
  3.43546495e+02  4.67228800e-01  7.08558513e-01]
2026-05-25 22:45:50,394 - pyswarms.single.global_best - INFO - Optimize for 69 iters with {'c1': 2.05, 'c2': 2.05, 'w': 0.7298}
2026-05-25 22:56:45,248 - pyswarms.single.global_best - INFO - Optimization finished | best cost: 212518.84452590067, best pos: [-6.12269694e-04 -2.60203160e-01 -9.01382696e-01  1.56874934e+00
  2.36528490e+02  5.15286945e-01  9.26097550e-01]
2026-05-25 23:08:33,142 - pyswarms.single.global_best - INFO - Optimize for 250 iters with {'c1': 2.05, 'c2': 2.05, 'w': 0.7298}
2026-05-26 00:11:34,309 - pyswarms.single.global_best - INFO - Optimization finished | best cost: 768.364504067559, best pos: [-5.23862290e-03 -9.42314249e-01 -4.92906448e-01  1.56022513e+00
  2.07120193e+01  3.91176784e-01  7.20058401e-01]
2026-05-26 00:11:34,312 - pyswarms.single.global_best - INFO - Optimize for 35 iters with {'c1': 2.05, 'c2': 2.05, 'w': 0.7298}
2026-05-26 00:21:43,180 - pyswarms.single.global_best - INFO - Optimization finished | best cost: 768.364504067559, best pos: [-5.23862290e-03 -9.42314249e-01 -4.92906448e-01  1.56022513e+00
  2.07120193e+01  3.91176784e-01  7.20058401e-01]
2026-05-26 00:57:49,682 - pyswarms.single.local_best - INFO - Optimize for 250 iters with {'c1': 2.05, 'c2': 2.05, 'w': 0.7298, 'k': 3, 'p': 2}
2026-05-26 00:57:58,318 - pyswarms.single.local_best - INFO - Optimize for 250 iters with {'c1': 2.05, 'c2': 2.05, 'w': 0.7298, 'k': 3, 'p': 2}
2026-05-26 01:28:00,998 - pyswarms.single.local_best - INFO - Optimization finished | best cost: 1115.8081895694925, best pos: [-7.65041745e-04 -1.96738062e-01 -9.94167925e-01  1.55783933e+00
  6.36541966e+01  3.45669359e-01  8.58985706e-01]
2026-05-26 01:28:01,000 - pyswarms.single.local_best - INFO - Optimize for 148 iters with {'c1': 2.05, 'c2': 2.05, 'w': 0.7298, 'k': 3, 'p': 2}
2026-05-26 01:43:06,666 - pyswarms.single.local_best - INFO - Optimization finished | best cost: 1115.8081895694925, best pos: [-7.65041745e-04 -1.96738062e-01 -9.94167925e-01  1.55783933e+00
  6.36541966e+01  3.45669359e-01  8.58985706e-01]
2026-05-26 01:43:06,669 - pyswarms.single.local_best - INFO - Optimize for 97 iters with {'c1': 2.05, 'c2': 2.05, 'w': 0.7298, 'k': 3, 'p': 2}
2026-05-26 01:58:08,620 - pyswarms.single.local_best - INFO - Optimization finished | best cost: 1115.8081895694925, best pos: [-7.65041745e-04 -1.96738062e-01 -9.94167925e-01  1.55783933e+00
  6.36541966e+01  3.45669359e-01  8.58985706e-01]
2026-05-26 01:58:08,623 - pyswarms.single.local_best - INFO - Optimize for 46 iters with {'c1': 2.05, 'c2': 2.05, 'w': 0.7298, 'k': 3, 'p': 2}
2026-05-26 02:11:53,718 - pyswarms.single.local_best - INFO - Optimization finished | best cost: 1024.896925494647, best pos: [-9.94637774e-04 -3.53629129e-01 -2.16678082e-01  1.55458590e+00
  6.24212503e+01  7.34023388e-01  7.63994971e-01]
